Build started 18.08.2013 21:11:12.
     1>Project "C:\Users\Administrator\Desktop\TEST\src\LogInServer\proj-LogInServer-2010.vcxproj" on node 3 (build target(s)).
     1>InitializeBuildStatus:
         Touching "Debug\LogInServer.unsuccessfulbuild".
       ClCompile:
         All outputs are up-to-date.
         All outputs are up-to-date.
         All outputs are up-to-date.
       ResourceCompile:
         All outputs are up-to-date.
       ManifestResourceCompile:
         All outputs are up-to-date.
       Link:
         C:\Program Files (x86)\Microsoft Visual Studio 10.0\VC\bin\link.exe /ERRORREPORT:PROMPT /OUT:"C:\Users\Administrator\Desktop\TEST\src\..\bin\Debug\LogInServer.exe" /INCREMENTAL /NOLOGO ws2_32.lib C:\Users\Administrator\Desktop\TEST\src\\..\bin\Debug\shared.lib kernel32.lib user32.lib gdi32.lib winspool.lib comdlg32.lib advapi32.lib shell32.lib ole32.lib oleaut32.lib uuid.lib odbc32.lib odbccp32.lib /MANIFEST /ManifestFile:"Debug\LogInServer.exe.intermediate.manifest" /MANIFESTUAC:"level='asInvoker' uiAccess='false'" /DEBUG /PDB:".\Debug/LogInServer.pdb" /TLBID:1 /DYNAMICBASE:NO /IMPLIB:"C:\Users\Administrator\Desktop\TEST\src\..\bin\Debug\LogInServer.lib" /MACHINE:X86 "Debug\LogInServer.res"
         "Debug\LogInServer.exe.embed.manifest.res"
         .\Debug/CircularBuffer.obj
         .\Debug/Condition.obj
         .\Debug/crc32.obj
         .\Debug/OdbcCommand.obj
         .\Debug/OdbcConnection.obj
         .\Debug/OdbcParameter.obj
         .\Debug/DebugUtils.obj
         ".\Debug/Ini.obj"
         .\Debug/JvCryption.obj
         .\Debug/KOSocket.obj
         .\Debug/lzf.obj
         .\Debug/Mutex.obj
         .\Debug/RWLock.obj
         .\Debug/Socket.obj
         .\Debug/SocketMgr.obj
         .\Debug/SocketMgrWin32.obj
         .\Debug/SocketOpsWin32.obj
         .\Debug/SocketWin32.obj
         .\Debug/tstring.obj
         .\Debug/DBProcess.obj
         .\Debug/LoginServer.obj
         .\Debug/main.obj
         .\Debug/StdAfx.obj
         .\Debug/LoginSession.obj
     1>LINK : fatal error LNK1123: failure during conversion to COFF: file invalid or corrupt
     1>Done Building Project "C:\Users\Administrator\Desktop\TEST\src\LogInServer\proj-LogInServer-2010.vcxproj" (build target(s)) -- FAILED.

Build FAILED.

Time Elapsed 00:00:00.27
